c:\users\1tdsn\onedrive\デスクトップ\game制作課題2　requiem　試験場\emptydxgame\debug\vc143.pdb
c:\users\1tdsn\onedrive\デスクトップ\game制作課題2　requiem　試験場\emptydxgame\debug\vc143.idb
c:\users\1tdsn\onedrive\デスクトップ\game制作課題2　requiem　試験場\emptydxgame\debug\dxlib_ext_data.obj
c:\users\1tdsn\onedrive\デスクトップ\game制作課題2　requiem　試験場\emptydxgame\debug\dxlib_ext.obj
c:\users\1tdsn\onedrive\デスクトップ\game制作課題2　requiem　試験場\emptydxgame\debug\dxlib_ext_mesh_triangle_right.obj
c:\users\1tdsn\onedrive\デスクトップ\game制作課題2　requiem　試験場\emptydxgame\debug\dxlib_ext_mesh_triangle_isosceles.obj
c:\users\1tdsn\onedrive\デスクトップ\game制作課題2　requiem　試験場\emptydxgame\debug\dxlib_ext_mesh_triangle_equilateral.obj
c:\users\1tdsn\onedrive\デスクトップ\game制作課題2　requiem　試験場\emptydxgame\debug\dxlib_ext_mesh_torus.obj
c:\users\1tdsn\onedrive\デスクトップ\game制作課題2　requiem　試験場\emptydxgame\debug\dxlib_ext_mesh_sphere.obj
c:\users\1tdsn\onedrive\デスクトップ\game制作課題2　requiem　試験場\emptydxgame\debug\dxlib_ext_mesh_plane.obj
c:\users\1tdsn\onedrive\デスクトップ\game制作課題2　requiem　試験場\emptydxgame\debug\dxlib_ext_mesh_obj.obj
c:\users\1tdsn\onedrive\デスクトップ\game制作課題2　requiem　試験場\emptydxgame\debug\dxlib_ext_mesh_hollw_out_disk_plane.obj
c:\users\1tdsn\onedrive\デスクトップ\game制作課題2　requiem　試験場\emptydxgame\debug\dxlib_ext_mesh_half_barrel.obj
c:\users\1tdsn\onedrive\デスクトップ\game制作課題2　requiem　試験場\emptydxgame\debug\dxlib_ext_mesh_from_height_map.obj
c:\users\1tdsn\onedrive\デスクトップ\game制作課題2　requiem　試験場\emptydxgame\debug\dxlib_ext_mesh_dome.obj
c:\users\1tdsn\onedrive\デスクトップ\game制作課題2　requiem　試験場\emptydxgame\debug\dxlib_ext_mesh_disk_ring.obj
c:\users\1tdsn\onedrive\デスクトップ\game制作課題2　requiem　試験場\emptydxgame\debug\dxlib_ext_mesh_disk.obj
c:\users\1tdsn\onedrive\デスクトップ\game制作課題2　requiem　試験場\emptydxgame\debug\dxlib_ext_mesh_cylinder.obj
c:\users\1tdsn\onedrive\デスクトップ\game制作課題2　requiem　試験場\emptydxgame\debug\dxlib_ext_mesh_cone_cylinder.obj
c:\users\1tdsn\onedrive\デスクトップ\game制作課題2　requiem　試験場\emptydxgame\debug\dxlib_ext_mesh_cone.obj
c:\users\1tdsn\onedrive\デスクトップ\game制作課題2　requiem　試験場\emptydxgame\debug\dxlib_ext_mesh_box.obj
c:\users\1tdsn\onedrive\デスクトップ\game制作課題2　requiem　試験場\emptydxgame\debug\dxlib_ext_mesh_barrel.obj
c:\users\1tdsn\onedrive\デスクトップ\game制作課題2　requiem　試験場\emptydxgame\debug\tnl_quaternion.obj
c:\users\1tdsn\onedrive\デスクトップ\game制作課題2　requiem　試験場\emptydxgame\debug\tnl_matrix.obj
c:\users\1tdsn\onedrive\デスクトップ\game制作課題2　requiem　試験場\emptydxgame\debug\tnl_math.obj
c:\users\1tdsn\onedrive\デスクトップ\game制作課題2　requiem　試験場\emptydxgame\debug\tnl_json.obj
c:\users\1tdsn\onedrive\デスクトップ\game制作課題2　requiem　試験場\emptydxgame\debug\tnl_intersect.obj
c:\users\1tdsn\onedrive\デスクトップ\game制作課題2　requiem　試験場\emptydxgame\debug\tnl_input.obj
c:\users\1tdsn\onedrive\デスクトップ\game制作課題2　requiem　試験場\emptydxgame\debug\tnl_font_texture.obj
c:\users\1tdsn\onedrive\デスクトップ\game制作課題2　requiem　試験場\emptydxgame\debug\scene_title.obj
c:\users\1tdsn\onedrive\デスクトップ\game制作課題2　requiem　試験場\emptydxgame\debug\scene_result.obj
c:\users\1tdsn\onedrive\デスクトップ\game制作課題2　requiem　試験場\emptydxgame\debug\scene_play.obj
c:\users\1tdsn\onedrive\デスクトップ\game制作課題2　requiem　試験場\emptydxgame\debug\parts.obj
c:\users\1tdsn\onedrive\デスクトップ\game制作課題2　requiem　試験場\emptydxgame\debug\airplane.obj
c:\users\1tdsn\onedrive\デスクトップ\game制作課題2　requiem　試験場\emptydxgame\debug\game_manager.obj
c:\users\1tdsn\onedrive\デスクトップ\game制作課題2　requiem　試験場\emptydxgame\debug\game_main.obj
c:\users\1tdsn\onedrive\デスクトップ\game制作課題2　requiem　試験場\emptydxgame\debug\objloader.obj
c:\users\1tdsn\onedrive\デスクトップ\game制作課題2　requiem　試験場\emptydxgame\debug\dxlib_ext_texture.obj
c:\users\1tdsn\onedrive\デスクトップ\game制作課題2　requiem　試験場\emptydxgame\debug\dxlib_ext_mesh.obj
c:\users\1tdsn\onedrive\デスクトップ\game制作課題2　requiem　試験場\emptydxgame\debug\sys_main.obj
c:\users\1tdsn\onedrive\デスクトップ\game制作課題2　requiem　試験場\emptydxgame\debug\tnl_vector.obj
c:\users\1tdsn\onedrive\デスクトップ\game制作課題2　requiem　試験場\emptydxgame\debug\tnl_util.obj
c:\users\1tdsn\onedrive\デスクトップ\game制作課題2　requiem　試験場\emptydxgame\debug\tnl_seek_unit.obj
c:\users\1tdsn\onedrive\デスクトップ\game制作課題2　requiem　試験場\emptydxgame\debug\scene_requiem.obj
c:\users\1tdsn\onedrive\デスクトップ\game制作課題2　requiem　試験場\emptydxgame\debug\model.obj
c:\users\1tdsn\onedrive\デスクトップ\game制作課題2　requiem　試験場\emptydxgame\debug\hover.obj
c:\users\1tdsn\onedrive\デスクトップ\game制作課題2　requiem　試験場\emptydxgame\debug\dx_game.pdb
c:\users\1tdsn\onedrive\デスクトップ\game制作課題2　requiem　試験場\emptydxgame\debug\dx_game.tlog\cl.command.1.tlog
c:\users\1tdsn\onedrive\デスクトップ\game制作課題2　requiem　試験場\emptydxgame\debug\dx_game.tlog\cl.read.1.tlog
c:\users\1tdsn\onedrive\デスクトップ\game制作課題2　requiem　試験場\emptydxgame\debug\dx_game.tlog\cl.write.1.tlog
c:\users\1tdsn\onedrive\デスクトップ\game制作課題2　requiem　試験場\emptydxgame\debug\dx_game.tlog\link.24392-cvtres.read.1.tlog
c:\users\1tdsn\onedrive\デスクトップ\game制作課題2　requiem　試験場\emptydxgame\debug\dx_game.tlog\link.24392-cvtres.write.1.tlog
c:\users\1tdsn\onedrive\デスクトップ\game制作課題2　requiem　試験場\emptydxgame\debug\dx_game.tlog\link.24392-rc.read.1.tlog
c:\users\1tdsn\onedrive\デスクトップ\game制作課題2　requiem　試験場\emptydxgame\debug\dx_game.tlog\link.24392-rc.write.1.tlog
c:\users\1tdsn\onedrive\デスクトップ\game制作課題2　requiem　試験場\emptydxgame\debug\dx_game.tlog\link.24392.read.1.tlog
c:\users\1tdsn\onedrive\デスクトップ\game制作課題2　requiem　試験場\emptydxgame\debug\dx_game.tlog\link.24392.write.1.tlog
c:\users\1tdsn\onedrive\デスクトップ\game制作課題2　requiem　試験場\emptydxgame\debug\dx_game.tlog\link.command.1.tlog
c:\users\1tdsn\onedrive\デスクトップ\game制作課題2　requiem　試験場\emptydxgame\debug\dx_game.tlog\link.read.1.tlog
c:\users\1tdsn\onedrive\デスクトップ\game制作課題2　requiem　試験場\emptydxgame\debug\dx_game.tlog\link.write.1.tlog
